mode: set
github.com/alphasoc/namescore/config/config.go:116.40,119.16 2 1
github.com/alphasoc/namescore/config/config.go:122.2,122.52 1 1
github.com/alphasoc/namescore/config/config.go:125.2,125.31 1 1
github.com/alphasoc/namescore/config/config.go:119.16,121.3 1 1
github.com/alphasoc/namescore/config/config.go:122.52,124.3 1 0
github.com/alphasoc/namescore/config/config.go:129.41,133.16 3 1
github.com/alphasoc/namescore/config/config.go:137.2,137.54 1 1
github.com/alphasoc/namescore/config/config.go:141.2,141.50 1 1
github.com/alphasoc/namescore/config/config.go:144.2,145.29 2 1
github.com/alphasoc/namescore/config/config.go:133.16,135.3 1 0
github.com/alphasoc/namescore/config/config.go:137.54,139.3 1 0
github.com/alphasoc/namescore/config/config.go:141.50,143.3 1 0
github.com/alphasoc/namescore/config/config.go:149.44,151.16 2 0
github.com/alphasoc/namescore/config/config.go:155.2,155.46 1 0
github.com/alphasoc/namescore/config/config.go:151.16,153.3 1 0
github.com/alphasoc/namescore/config/config.go:159.40,161.2 1 0
github.com/alphasoc/namescore/config/config.go:163.42,164.29 1 1
github.com/alphasoc/namescore/config/config.go:168.2,168.37 1 1
github.com/alphasoc/namescore/config/config.go:172.2,172.27 1 1
github.com/alphasoc/namescore/config/config.go:176.2,176.27 1 1
github.com/alphasoc/namescore/config/config.go:180.2,180.24 1 1
github.com/alphasoc/namescore/config/config.go:183.2,183.25 1 1
github.com/alphasoc/namescore/config/config.go:187.2,187.25 1 1
github.com/alphasoc/namescore/config/config.go:195.2,195.34 1 1
github.com/alphasoc/namescore/config/config.go:199.2,199.33 1 1
github.com/alphasoc/namescore/config/config.go:202.2,202.36 1 1
github.com/alphasoc/namescore/config/config.go:206.2,206.12 1 1
github.com/alphasoc/namescore/config/config.go:164.29,166.3 1 1
github.com/alphasoc/namescore/config/config.go:168.37,170.3 1 1
github.com/alphasoc/namescore/config/config.go:172.27,174.3 1 1
github.com/alphasoc/namescore/config/config.go:176.27,178.3 1 1
github.com/alphasoc/namescore/config/config.go:180.24,182.3 1 1
github.com/alphasoc/namescore/config/config.go:183.25,185.3 1 1
github.com/alphasoc/namescore/config/config.go:187.25,188.32 1 1
github.com/alphasoc/namescore/config/config.go:188.32,190.4 1 0
github.com/alphasoc/namescore/config/config.go:190.4,192.4 1 1
github.com/alphasoc/namescore/config/config.go:195.34,197.3 1 1
github.com/alphasoc/namescore/config/config.go:199.33,201.3 1 1
github.com/alphasoc/namescore/config/config.go:202.36,204.3 1 1
github.com/alphasoc/namescore/config/config.go:209.37,210.37 1 1
github.com/alphasoc/namescore/config/config.go:214.2,214.36 1 1
github.com/alphasoc/namescore/config/config.go:218.2,218.46 1 1
github.com/alphasoc/namescore/config/config.go:224.2,224.54 1 1
github.com/alphasoc/namescore/config/config.go:228.2,228.61 1 1
github.com/alphasoc/namescore/config/config.go:231.2,234.28 1 1
github.com/alphasoc/namescore/config/config.go:238.2,238.63 1 1
github.com/alphasoc/namescore/config/config.go:242.2,242.27 1 1
github.com/alphasoc/namescore/config/config.go:248.2,248.45 1 1
github.com/alphasoc/namescore/config/config.go:252.2,252.33 1 1
github.com/alphasoc/namescore/config/config.go:256.2,256.47 1 1
github.com/alphasoc/namescore/config/config.go:260.2,260.35 1 1
github.com/alphasoc/namescore/config/config.go:266.2,266.12 1 1
github.com/alphasoc/namescore/config/config.go:210.37,212.3 1 0
github.com/alphasoc/namescore/config/config.go:214.36,216.3 1 0
github.com/alphasoc/namescore/config/config.go:218.46,219.39 1 1
github.com/alphasoc/namescore/config/config.go:219.39,221.4 1 0
github.com/alphasoc/namescore/config/config.go:224.54,226.3 1 0
github.com/alphasoc/namescore/config/config.go:228.61,230.3 1 0
github.com/alphasoc/namescore/config/config.go:234.28,236.3 1 0
github.com/alphasoc/namescore/config/config.go:238.63,240.3 1 0
github.com/alphasoc/namescore/config/config.go:242.27,243.65 1 1
github.com/alphasoc/namescore/config/config.go:243.65,245.4 1 0
github.com/alphasoc/namescore/config/config.go:248.45,250.3 1 0
github.com/alphasoc/namescore/config/config.go:252.33,254.3 1 0
github.com/alphasoc/namescore/config/config.go:256.47,258.3 1 0
github.com/alphasoc/namescore/config/config.go:260.35,261.74 1 1
github.com/alphasoc/namescore/config/config.go:261.74,263.4 1 0
github.com/alphasoc/namescore/config/config.go:269.61,270.60 1 1
github.com/alphasoc/namescore/config/config.go:274.2,276.16 3 1
github.com/alphasoc/namescore/config/config.go:279.2,279.19 1 1
github.com/alphasoc/namescore/config/config.go:283.2,284.44 2 1
github.com/alphasoc/namescore/config/config.go:287.2,287.39 1 1
github.com/alphasoc/namescore/config/config.go:290.2,290.12 1 1
github.com/alphasoc/namescore/config/config.go:270.60,272.3 1 1
github.com/alphasoc/namescore/config/config.go:276.16,278.3 1 0
github.com/alphasoc/namescore/config/config.go:279.19,281.3 1 0
github.com/alphasoc/namescore/config/config.go:284.44,286.3 1 0
github.com/alphasoc/namescore/config/config.go:287.39,289.3 1 0
github.com/alphasoc/namescore/config/config.go:293.48,294.30 1 1
github.com/alphasoc/namescore/config/config.go:298.2,299.16 2 1
github.com/alphasoc/namescore/config/config.go:303.2,303.70 1 1
github.com/alphasoc/namescore/config/config.go:307.2,307.38 1 1
github.com/alphasoc/namescore/config/config.go:294.30,296.3 1 1
github.com/alphasoc/namescore/config/config.go:299.16,301.3 1 0
github.com/alphasoc/namescore/config/config.go:303.70,305.3 1 0
github.com/alphasoc/namescore/config/config.go:310.52,311.51 1 1
github.com/alphasoc/namescore/config/config.go:334.2,334.12 1 1
github.com/alphasoc/namescore/config/config.go:311.51,312.36 1 1
github.com/alphasoc/namescore/config/config.go:318.3,318.44 1 1
github.com/alphasoc/namescore/config/config.go:326.3,326.48 1 1
github.com/alphasoc/namescore/config/config.go:312.36,313.49 1 1
github.com/alphasoc/namescore/config/config.go:313.49,315.5 1 0
github.com/alphasoc/namescore/config/config.go:318.44,321.31 3 1
github.com/alphasoc/namescore/config/config.go:321.31,323.5 1 0
github.com/alphasoc/namescore/config/config.go:326.48,329.59 1 1
github.com/alphasoc/namescore/config/config.go:329.59,331.5 1 0
